<?xml version="1.0" encoding="UTF-8"?>
<testng-results skipped="0" failed="0" ignored="0" total="1" passed="1">
  <reporter-output>
  </reporter-output>
  <suite name="Surefire suite" duration-ms="10748" started-at="2023-02-14T04:53:04Z" finished-at="2023-02-14T04:53:15Z">
    <groups>
      <group name="cucumber">
        <method signature="AbstractTestNGCucumberTests.runScenario(io.cucumber.testng.PickleWrapper, io.cucumber.testng.FeatureWrapper)[pri:0, instance:runner.RunTest@6f2cb653]" name="runScenario" class="io.cucumber.testng.AbstractTestNGCucumberTests"/>
      </group> <!-- cucumber -->
    </groups>
    <test name="Surefire test" duration-ms="10748" started-at="2023-02-14T04:53:04Z" finished-at="2023-02-14T04:53:15Z">
      <class name="runner.RunTest">
        <test-method status="PASS" signature="setUpClass()[pri:0, instance:runner.RunTest@6f2cb653]" name="setUpClass" is-config="true" duration-ms="913" started-at="2023-02-14T04:53:04Z" finished-at="2023-02-14T04:53:05Z">
          <reporter-output>
          </reporter-output>
        </test-method> <!-- setUpClass -->
        <test-method status="PASS" signature="runScenario(io.cucumber.testng.PickleWrapper, io.cucumber.testng.FeatureWrapper)[pri:0, instance:runner.RunTest@6f2cb653]" name="runScenario" duration-ms="9707" started-at="2023-02-14T04:53:05Z" description="Runs Cucumber Scenarios" data-provider="scenarios" finished-at="2023-02-14T04:53:15Z">
          <params>
            <param index="0">
              <value>
                <![CDATA["Login functionality with valid credentials"]]>
              </value>
            </param>
            <param index="1">
              <value>
                <![CDATA["Login functionlity"]]>
              </value>
            </param>
          </params>
          <reporter-output>
          </reporter-output>
        </test-method> <!-- runScenario -->
        <test-method status="PASS" signature="tearDownClass()[pri:0, instance:runner.RunTest@6f2cb653]" name="tearDownClass" is-config="true" duration-ms="5" started-at="2023-02-14T04:53:15Z" finished-at="2023-02-14T04:53:15Z">
          <reporter-output>
          </reporter-output>
        </test-method> <!-- tearDownClass -->
      </class> <!-- runner.RunTest -->
    </test> <!-- Surefire test -->
  </suite> <!-- Surefire suite -->
</testng-results>
