<?xml version="1.0" encoding="UTF-8"?>
<testng-results skipped="0" failed="0" ignored="0" total="1" passed="1">
  <reporter-output>
  </reporter-output>
  <suite name="Suite" duration-ms="10665" started-at="2023-02-14T04:43:29Z" finished-at="2023-02-14T04:43:40Z">
    <groups>
      <group name="cucumber">
        <method signature="AbstractTestNGCucumberTests.runScenario(io.cucumber.testng.PickleWrapper, io.cucumber.testng.FeatureWrapper)[pri:0, instance:runner.RunTest@3228d990]" name="runScenario" class="io.cucumber.testng.AbstractTestNGCucumberTests"/>
      </group> <!-- cucumber -->
    </groups>
    <test name="Test" duration-ms="10665" started-at="2023-02-14T04:43:29Z" finished-at="2023-02-14T04:43:40Z">
      <class name="runner.RunTest">
        <test-method status="PASS" signature="setUpClass()[pri:0, instance:runner.RunTest@3228d990]" name="setUpClass" is-config="true" duration-ms="931" started-at="2023-02-14T04:43:29Z" finished-at="2023-02-14T04:43:30Z">
          <reporter-output>
          </reporter-output>
        </test-method> <!-- setUpClass -->
        <test-method status="PASS" signature="runScenario(io.cucumber.testng.PickleWrapper, io.cucumber.testng.FeatureWrapper)[pri:0, instance:runner.RunTest@3228d990]" name="runScenario" duration-ms="9556" started-at="2023-02-14T04:43:30Z" description="Runs Cucumber Scenarios" data-provider="scenarios" finished-at="2023-02-14T04:43:40Z">
          <params>
            <param index="0">
              <value>
                <![CDATA["Login functionality with valid credentials"]]>
              </value>
            </param>
            <param index="1">
              <value>
                <![CDATA["Login functionlity"]]>
              </value>
            </param>
          </params>
          <reporter-output>
          </reporter-output>
        </test-method> <!-- runScenario -->
        <test-method status="PASS" signature="tearDownClass()[pri:0, instance:runner.RunTest@3228d990]" name="tearDownClass" is-config="true" duration-ms="9" started-at="2023-02-14T04:43:40Z" finished-at="2023-02-14T04:43:40Z">
          <reporter-output>
          </reporter-output>
        </test-method> <!-- tearDownClass -->
      </class> <!-- runner.RunTest -->
    </test> <!-- Test -->
  </suite> <!-- Suite -->
</testng-results>
